<?xml version="1.0" encoding="UTF-8"?>
<!-- Generated by org.testng.reporters.JUnitReportReporter -->
<testsuite skipped="0" hostname="DESKTOP-OU6D541" name="com.hrms.testcases.LoginTest" tests="1" failures="0" timestamp="2020-06-01T22:44:42 EDT" time="9.726" errors="0">
  <testcase name="validAdminLogin" time="9.726" classname="com.hrms.testcases.LoginTest"/>
  <system-out/>
</testsuite> <!-- com.hrms.testcases.LoginTest -->
